#set( $symbol_pound = '#' )
#set( $symbol_dollar = '$' )
#set( $symbol_escape = '\' )
<?xml version="1.0" encoding="UTF-8"?>
<!-- Generated by org.testng.reporters.JUnitReportReporter -->
<testsuite skipped="0" hostname="ATMECSINLT-044" name="${package}.testscripts.${artifactId}Testcase2" tests="1" failures="0" timestamp="01 Nov 2019 05:23:11 GMT" time="15.435" errors="0">
  <testcase name="testcase2" time="15.435" classname="${package}.testscripts.${artifactId}Testcase2"/>
</testsuite> <!-- ${package}.testscripts.${artifactId}Testcase2 -->
