<?xml version="1.0" encoding="UTF-8"?>
<!-- Generated by org.testng.reporters.JUnitReportReporter -->
<testsuite skipped="0" hostname="ATMECSINLT-044" name="com.atmecs.project.testscripts.ProjectTestcase" tests="1" failures="0" timestamp="01 Nov 2019 05:28:08 GMT" time="17.841" errors="0">
  <testcase name="testcase1" time="17.841" classname="com.atmecs.project.testscripts.ProjectTestcase"/>
</testsuite> <!-- com.atmecs.project.testscripts.ProjectTestcase -->
