<?xml version="1.0" encoding="UTF-8"?>
<!-- Generated by org.testng.reporters.JUnitReportReporter -->
<testsuite skipped="0" hostname="ATMECSINLT-044" name="com.atmecs.project.testscripts.ProjectTestcase2" tests="1" failures="0" timestamp="01 Nov 2019 05:28:08 GMT" time="18.289" errors="0">
  <testcase name="testcase2" time="18.289" classname="com.atmecs.project.testscripts.ProjectTestcase2"/>
</testsuite> <!-- com.atmecs.project.testscripts.ProjectTestcase2 -->
