<?xml version="1.0" encoding="UTF-8"?>
<!-- Generated by org.testng.reporters.JUnitReportReporter -->
<testsuite skipped="0" hostname="ATMECSINLT-044" name="it.pkg.testscripts.basicTestcase" tests="1" failures="0" timestamp="01 Nov 2019 05:23:11 GMT" time="18.090" errors="0">
  <testcase name="testcase1" time="18.090" classname="it.pkg.testscripts.basicTestcase"/>
</testsuite> <!-- it.pkg.testscripts.basicTestcase -->
